<?xml version="1.0" encoding="UTF-8"?>
<testsuite name="StringCalculatorTest" tests="1" skipped="0" failures="0" errors="0" timestamp="2020-03-27T15:04:48" hostname="krattz-Latitude-E6510" time="0.022">
  <properties/>
  <testcase name="addTest" classname="StringCalculatorTest" time="0.022"/>
  <system-out><![CDATA[java.lang.NumberFormatException: For input string: ","
3
java.lang.NumberFormatException: For input string: "
"
5
java.lang.NumberFormatException: For input string: ","
java.lang.NumberFormatException: For input string: "
"
java.lang.NumberFormatException: For input string: ","
java.lang.NumberFormatException: For input string: ","
6
//rabc]rz]r:(]\n1abc2z3:(1
java.lang.NumberFormatException: For input string: ""
java.lang.NumberFormatException: For input string: ""
java.lang.NumberFormatException: For input string: ""
java.lang.NumberFormatException: For input string: ""
java.lang.NumberFormatException: For input string: ""
java.lang.NumberFormatException: For input string: ""
java.lang.NumberFormatException: For input string: ""
java.lang.NumberFormatException: For input string: ""
java.lang.NumberFormatException: For input string: ""
java.lang.NumberFormatException: For input string: ""
java.lang.NumberFormatException: For input string: ""
java.lang.NumberFormatException: For input string: ""
java.lang.NumberFormatException: For input string: ""
java.lang.NumberFormatException: For input string: ""
java.lang.NumberFormatException: For input string: ""
java.lang.NumberFormatException: For input string: ""
java.lang.NumberFormatException: For input string: ""
7
]]></system-out>
  <system-err><![CDATA[]]></system-err>
</testsuite>
